[2026-04-14 22:08:11] local.INFO: Correo enviado exitosamente {"to":"ing.llinasramirez@gmail.com","subject":"¡Bienvenido a Ruta C - Ruta de Crecimiento!"} 
[2026-04-14 22:09:34] local.ERROR: Attempt to read property "macroSectorID" on null {"exception":"[object] (ErrorException(code: 0): Attempt to read property \"macroSectorID\" on null at C:\\Users\\jpllinas\\Documents\\DesarrolloWEB\\VPS-RUTAC\\APP\\rutadecrecimiento\\app\\Http\\Services\\CrearUnidadService.php:43)
[stacktrace]
#0 C:\\Users\\jpllinas\\Documents\\DesarrolloWEB\\VPS-RUTAC\\APP\\rutadecrecimiento\\app\\Http\\Services\\CrearUnidadService.php(43): Illuminate\\Foundation\\Bootstrap\\HandleExceptions->handleError(2, 'Attempt to read...', 'C:\\\\Users\\\\jpllin...', 43)
#1 C:\\Users\\jpllinas\\Documents\\DesarrolloWEB\\VPS-RUTAC\\APP\\rutadecrecimiento\\app\\Http\\Controllers\\RegistroController.php(88): App\\Http\\Services\\CrearUnidadService::datosApi(Object(stdClass))
#2 C:\\Users\\jpllinas\\Documents\\DesarrolloWEB\\VPS-RUTAC\\APP\\rutadecrecimiento\\vendor\\laravel\\framework\\src\\Illuminate\\Routing\\Controller.php(54): App\\Http\\Controllers\\RegistroController->searchDetail(Object(Illuminate\\Http\\Request))
#3 C:\\Users\\jpllinas\\Documents\\DesarrolloWEB\\VPS-RUTAC\\APP\\rutadecrecimiento\\vendor\\laravel\\framework\\src\\Illuminate\\Routing\\ControllerDispatcher.php(45): Illuminate\\Routing\\Controller->callAction('searchDetail', Array)
#4 C:\\Users\\jpllinas\\Documents\\DesarrolloWEB\\VPS-RUTAC\\APP\\rutadecrecimiento\\vendor\\laravel\\framework\\src\\Illuminate\\Routing\\Route.php(261): Illuminate\\Routing\\ControllerDispatcher->dispatch(Object(Illuminate\\Routing\\Route), Object(App\\Http\\Controllers\\RegistroController), 'searchDetail')
#5 C:\\Users\\jpllinas\\Documents\\DesarrolloWEB\\VPS-RUTAC\\APP\\rutadecrecimiento\\vendor\\laravel\\framework\\src\\Illuminate\\Routing\\Route.php(205): Illuminate\\Routing\\Route->runController()
#6 C:\\Users\\jpllinas\\Documents\\DesarrolloWEB\\VPS-RUTAC\\APP\\rutadecrecimiento\\vendor\\laravel\\framework\\src\\Illuminate\\Routing\\Router.php(721): Illuminate\\Routing\\Route->run()
#7 C:\\Users\\jpllinas\\Documents\\DesarrolloWEB\\VPS-RUTAC\\APP\\rutadecrecimiento\\vendor\\laravel\\framework\\src\\Illuminate\\Pipeline\\Pipeline.php(128): Illuminate\\Routing\\Router->Illuminate\\Routing\\{closure}(Object(Illuminate\\Http\\Request))
#8 C:\\Users\\jpllinas\\Documents\\DesarrolloWEB\\VPS-RUTAC\\APP\\rutadecrecimiento\\vendor\\laravel\\framework\\src\\Illuminate\\Routing\\Middleware\\SubstituteBindings.php(50): Illuminate\\Pipeline\\Pipeline->Illuminate\\Pipeline\\{closure}(Object(Illuminate\\Http\\Request))
#9 C:\\Users\\jpllinas\\Documents\\DesarrolloWEB\\VPS-RUTAC\\APP\\rutadecrecimiento\\vendor\\laravel\\framework\\src\\Illuminate\\Pipeline\\Pipeline.php(167): Illuminate\\Routing\\Middleware\\SubstituteBindings->handle(Object(Illuminate\\Http\\Request), Object(Closure))
#10 C:\\Users\\jpllinas\\Documents\\DesarrolloWEB\\VPS-RUTAC\\APP\\rutadecrecimiento\\vendor\\laravel\\framework\\src\\Illuminate\\Foundation\\Http\\Middleware\\VerifyCsrfToken.php(78): Illuminate\\Pipeline\\Pipeline->Illuminate\\Pipeline\\{closure}(Object(Illuminate\\Http\\Request))
#11 C:\\Users\\jpllinas\\Documents\\DesarrolloWEB\\VPS-RUTAC\\APP\\rutadecrecimiento\\vendor\\laravel\\framework\\src\\Illuminate\\Pipeline\\Pipeline.php(167): Illuminate\\Foundation\\Http\\Middleware\\VerifyCsrfToken->handle(Object(Illuminate\\Http\\Request), Object(Closure))
#12 C:\\Users\\jpllinas\\Documents\\DesarrolloWEB\\VPS-RUTAC\\APP\\rutadecrecimiento\\vendor\\laravel\\framework\\src\\Illuminate\\View\\Middleware\\ShareErrorsFromSession.php(49): Illuminate\\Pipeline\\Pipeline->Illuminate\\Pipeline\\{closure}(Object(Illuminate\\Http\\Request))
#13 C:\\Users\\jpllinas\\Documents\\DesarrolloWEB\\VPS-RUTAC\\APP\\rutadecrecimiento\\vendor\\laravel\\framework\\src\\Illuminate\\Pipeline\\Pipeline.php(167): Illuminate\\View\\Middleware\\ShareErrorsFromSession->handle(Object(Illuminate\\Http\\Request), Object(Closure))
#14 C:\\Users\\jpllinas\\Documents\\DesarrolloWEB\\VPS-RUTAC\\APP\\rutadecrecimiento\\vendor\\laravel\\framework\\src\\Illuminate\\Session\\Middleware\\StartSession.php(121): Illuminate\\Pipeline\\Pipeline->Illuminate\\Pipeline\\{closure}(Object(Illuminate\\Http\\Request))
#15 C:\\Users\\jpllinas\\Documents\\DesarrolloWEB\\VPS-RUTAC\\APP\\rutadecrecimiento\\vendor\\laravel\\framework\\src\\Illuminate\\Session\\Middleware\\StartSession.php(64): Illuminate\\Session\\Middleware\\StartSession->handleStatefulRequest(Object(Illuminate\\Http\\Request), Object(Illuminate\\Session\\Store), Object(Closure))
#16 C:\\Users\\jpllinas\\Documents\\DesarrolloWEB\\VPS-RUTAC\\APP\\rutadecrecimiento\\vendor\\laravel\\framework\\src\\Illuminate\\Pipeline\\Pipeline.php(167): Illuminate\\Session\\Middleware\\StartSession->handle(Object(Illuminate\\Http\\Request), Object(Closure))
#17 C:\\Users\\jpllinas\\Documents\\DesarrolloWEB\\VPS-RUTAC\\APP\\rutadecrecimiento\\vendor\\laravel\\framework\\src\\Illuminate\\Cookie\\Middleware\\AddQueuedCookiesToResponse.php(37): Illuminate\\Pipeline\\Pipeline->Illuminate\\Pipeline\\{closure}(Object(Illuminate\\Http\\Request))
#18 C:\\Users\\jpllinas\\Documents\\DesarrolloWEB\\VPS-RUTAC\\APP\\rutadecrecimiento\\vendor\\laravel\\framework\\src\\Illuminate\\Pipeline\\Pipeline.php(167): Illuminate\\Cookie\\Middleware\\AddQueuedCookiesToResponse->handle(Object(Illuminate\\Http\\Request), Object(Closure))
#19 C:\\Users\\jpllinas\\Documents\\DesarrolloWEB\\VPS-RUTAC\\APP\\rutadecrecimiento\\vendor\\laravel\\framework\\src\\Illuminate\\Cookie\\Middleware\\EncryptCookies.php(67): Illuminate\\Pipeline\\Pipeline->Illuminate\\Pipeline\\{closure}(Object(Illuminate\\Http\\Request))
#20 C:\\Users\\jpllinas\\Documents\\DesarrolloWEB\\VPS-RUTAC\\APP\\rutadecrecimiento\\vendor\\laravel\\framework\\src\\Illuminate\\Pipeline\\Pipeline.php(167): Illuminate\\Cookie\\Middleware\\EncryptCookies->handle(Object(Illuminate\\Http\\Request), Object(Closure))
#21 C:\\Users\\jpllinas\\Documents\\DesarrolloWEB\\VPS-RUTAC\\APP\\rutadecrecimiento\\vendor\\laravel\\framework\\src\\Illuminate\\Pipeline\\Pipeline.php(103): Illuminate\\Pipeline\\Pipeline->Illuminate\\Pipeline\\{closure}(Object(Illuminate\\Http\\Request))
#22 C:\\Users\\jpllinas\\Documents\\DesarrolloWEB\\VPS-RUTAC\\APP\\rutadecrecimiento\\vendor\\laravel\\framework\\src\\Illuminate\\Routing\\Router.php(719): Illuminate\\Pipeline\\Pipeline->then(Object(Closure))
#23 C:\\Users\\jpllinas\\Documents\\DesarrolloWEB\\VPS-RUTAC\\APP\\rutadecrecimiento\\vendor\\laravel\\framework\\src\\Illuminate\\Routing\\Router.php(698): Illuminate\\Routing\\Router->runRouteWithinStack(Object(Illuminate\\Routing\\Route), Object(Illuminate\\Http\\Request))
#24 C:\\Users\\jpllinas\\Documents\\DesarrolloWEB\\VPS-RUTAC\\APP\\rutadecrecimiento\\vendor\\laravel\\framework\\src\\Illuminate\\Routing\\Router.php(662): Illuminate\\Routing\\Router->runRoute(Object(Illuminate\\Http\\Request), Object(Illuminate\\Routing\\Route))
#25 C:\\Users\\jpllinas\\Documents\\DesarrolloWEB\\VPS-RUTAC\\APP\\rutadecrecimiento\\vendor\\laravel\\framework\\src\\Illuminate\\Routing\\Router.php(651): Illuminate\\Routing\\Router->dispatchToRoute(Object(Illuminate\\Http\\Request))
#26 C:\\Users\\jpllinas\\Documents\\DesarrolloWEB\\VPS-RUTAC\\APP\\rutadecrecimiento\\vendor\\laravel\\framework\\src\\Illuminate\\Foundation\\Http\\Kernel.php(167): Illuminate\\Routing\\Router->dispatch(Object(Illuminate\\Http\\Request))
#27 C:\\Users\\jpllinas\\Documents\\DesarrolloWEB\\VPS-RUTAC\\APP\\rutadecrecimiento\\vendor\\laravel\\framework\\src\\Illuminate\\Pipeline\\Pipeline.php(128): Illuminate\\Foundation\\Http\\Kernel->Illuminate\\Foundation\\Http\\{closure}(Object(Illuminate\\Http\\Request))
#28 C:\\Users\\jpllinas\\Documents\\DesarrolloWEB\\VPS-RUTAC\\APP\\rutadecrecimiento\\nova\\src\\Http\\Middleware\\ServeNova.php(24): Illuminate\\Pipeline\\Pipeline->Illuminate\\Pipeline\\{closure}(Object(Illuminate\\Http\\Request))
#29 C:\\Users\\jpllinas\\Documents\\DesarrolloWEB\\VPS-RUTAC\\APP\\rutadecrecimiento\\vendor\\laravel\\framework\\src\\Illuminate\\Pipeline\\Pipeline.php(167): Laravel\\Nova\\Http\\Middleware\\ServeNova->handle(Object(Illuminate\\Http\\Request), Object(Closure))
#30 C:\\Users\\jpllinas\\Documents\\DesarrolloWEB\\VPS-RUTAC\\APP\\rutadecrecimiento\\vendor\\laravel\\framework\\src\\Illuminate\\Foundation\\Http\\Middleware\\TransformsRequest.php(21): Illuminate\\Pipeline\\Pipeline->Illuminate\\Pipeline\\{closure}(Object(Illuminate\\Http\\Request))
#31 C:\\Users\\jpllinas\\Documents\\DesarrolloWEB\\VPS-RUTAC\\APP\\rutadecrecimiento\\vendor\\laravel\\framework\\src\\Illuminate\\Foundation\\Http\\Middleware\\ConvertEmptyStringsToNull.php(31): Illuminate\\Foundation\\Http\\Middleware\\TransformsRequest->handle(Object(Illuminate\\Http\\Request), Object(Closure))
#32 C:\\Users\\jpllinas\\Documents\\DesarrolloWEB\\VPS-RUTAC\\APP\\rutadecrecimiento\\vendor\\laravel\\framework\\src\\Illuminate\\Pipeline\\Pipeline.php(167): Illuminate\\Foundation\\Http\\Middleware\\ConvertEmptyStringsToNull->handle(Object(Illuminate\\Http\\Request), Object(Closure))
#33 C:\\Users\\jpllinas\\Documents\\DesarrolloWEB\\VPS-RUTAC\\APP\\rutadecrecimiento\\vendor\\laravel\\framework\\src\\Illuminate\\Foundation\\Http\\Middleware\\TransformsRequest.php(21): Illuminate\\Pipeline\\Pipeline->Illuminate\\Pipeline\\{closure}(Object(Illuminate\\Http\\Request))
#34 C:\\Users\\jpllinas\\Documents\\DesarrolloWEB\\VPS-RUTAC\\APP\\rutadecrecimiento\\vendor\\laravel\\framework\\src\\Illuminate\\Foundation\\Http\\Middleware\\TrimStrings.php(40): Illuminate\\Foundation\\Http\\Middleware\\TransformsRequest->handle(Object(Illuminate\\Http\\Request), Object(Closure))
#35 C:\\Users\\jpllinas\\Documents\\DesarrolloWEB\\VPS-RUTAC\\APP\\rutadecrecimiento\\vendor\\laravel\\framework\\src\\Illuminate\\Pipeline\\Pipeline.php(167): Illuminate\\Foundation\\Http\\Middleware\\TrimStrings->handle(Object(Illuminate\\Http\\Request), Object(Closure))
#36 C:\\Users\\jpllinas\\Documents\\DesarrolloWEB\\VPS-RUTAC\\APP\\rutadecrecimiento\\vendor\\laravel\\framework\\src\\Illuminate\\Foundation\\Http\\Middleware\\ValidatePostSize.php(27): Illuminate\\Pipeline\\Pipeline->Illuminate\\Pipeline\\{closure}(Object(Illuminate\\Http\\Request))
#37 C:\\Users\\jpllinas\\Documents\\DesarrolloWEB\\VPS-RUTAC\\APP\\rutadecrecimiento\\vendor\\laravel\\framework\\src\\Illuminate\\Pipeline\\Pipeline.php(167): Illuminate\\Foundation\\Http\\Middleware\\ValidatePostSize->handle(Object(Illuminate\\Http\\Request), Object(Closure))
#38 C:\\Users\\jpllinas\\Documents\\DesarrolloWEB\\VPS-RUTAC\\APP\\rutadecrecimiento\\vendor\\laravel\\framework\\src\\Illuminate\\Foundation\\Http\\Middleware\\PreventRequestsDuringMaintenance.php(86): Illuminate\\Pipeline\\Pipeline->Illuminate\\Pipeline\\{closure}(Object(Illuminate\\Http\\Request))
#39 C:\\Users\\jpllinas\\Documents\\DesarrolloWEB\\VPS-RUTAC\\APP\\rutadecrecimiento\\vendor\\laravel\\framework\\src\\Illuminate\\Pipeline\\Pipeline.php(167): Illuminate\\Foundation\\Http\\Middleware\\PreventRequestsDuringMaintenance->handle(Object(Illuminate\\Http\\Request), Object(Closure))
#40 C:\\Users\\jpllinas\\Documents\\DesarrolloWEB\\VPS-RUTAC\\APP\\rutadecrecimiento\\vendor\\fruitcake\\laravel-cors\\src\\HandleCors.php(38): Illuminate\\Pipeline\\Pipeline->Illuminate\\Pipeline\\{closure}(Object(Illuminate\\Http\\Request))
#41 C:\\Users\\jpllinas\\Documents\\DesarrolloWEB\\VPS-RUTAC\\APP\\rutadecrecimiento\\vendor\\laravel\\framework\\src\\Illuminate\\Pipeline\\Pipeline.php(167): Fruitcake\\Cors\\HandleCors->handle(Object(Illuminate\\Http\\Request), Object(Closure))
#42 C:\\Users\\jpllinas\\Documents\\DesarrolloWEB\\VPS-RUTAC\\APP\\rutadecrecimiento\\vendor\\laravel\\framework\\src\\Illuminate\\Http\\Middleware\\TrustProxies.php(39): Illuminate\\Pipeline\\Pipeline->Illuminate\\Pipeline\\{closure}(Object(Illuminate\\Http\\Request))
#43 C:\\Users\\jpllinas\\Documents\\DesarrolloWEB\\VPS-RUTAC\\APP\\rutadecrecimiento\\vendor\\laravel\\framework\\src\\Illuminate\\Pipeline\\Pipeline.php(167): Illuminate\\Http\\Middleware\\TrustProxies->handle(Object(Illuminate\\Http\\Request), Object(Closure))
#44 C:\\Users\\jpllinas\\Documents\\DesarrolloWEB\\VPS-RUTAC\\APP\\rutadecrecimiento\\vendor\\laravel\\framework\\src\\Illuminate\\Pipeline\\Pipeline.php(103): Illuminate\\Pipeline\\Pipeline->Illuminate\\Pipeline\\{closure}(Object(Illuminate\\Http\\Request))
#45 C:\\Users\\jpllinas\\Documents\\DesarrolloWEB\\VPS-RUTAC\\APP\\rutadecrecimiento\\vendor\\laravel\\framework\\src\\Illuminate\\Foundation\\Http\\Kernel.php(142): Illuminate\\Pipeline\\Pipeline->then(Object(Closure))
#46 C:\\Users\\jpllinas\\Documents\\DesarrolloWEB\\VPS-RUTAC\\APP\\rutadecrecimiento\\vendor\\laravel\\framework\\src\\Illuminate\\Foundation\\Http\\Kernel.php(111): Illuminate\\Foundation\\Http\\Kernel->sendRequestThroughRouter(Object(Illuminate\\Http\\Request))
#47 C:\\Users\\jpllinas\\Documents\\DesarrolloWEB\\VPS-RUTAC\\APP\\rutadecrecimiento\\public\\index.php(59): Illuminate\\Foundation\\Http\\Kernel->handle(Object(Illuminate\\Http\\Request))
#48 C:\\Users\\jpllinas\\Documents\\DesarrolloWEB\\VPS-RUTAC\\APP\\rutadecrecimiento\\server.php(21): require_once('C:\\\\Users\\\\jpllin...')
#49 {main}
"} 
