. 2018-05-30 02:57:46.403 --------------------------------------------------------------------------
. 2018-05-30 02:57:46.403 WinSCP Versión 5.13.1 (Compilación 8265) (OS 6.1.7601 Service Pack 1 - Windows 7 Professional)
. 2018-05-30 02:57:46.403 Configuration: nul
. 2018-05-30 02:57:46.403 Log level: Normal
. 2018-05-30 02:57:46.403 Local account: MVIRTICS07\SICAM32
. 2018-05-30 02:57:46.403 Working directory: C:\Windows\system32
. 2018-05-30 02:57:46.403 Process ID: 200
. 2018-05-30 02:57:46.403 Command-line: "C:\Program Files (x86)\WinSCP\WinSCP.exe" /console=5.13.1 /consoleinstance=_3340_144 "/log=S:\BKP ColombiaHosting\RutaC\Archivos\\descarga2018_05_30_02_57_46.log" "/ini=nul" "/command" "open sftp://ccsm:***@190.8.177.126/ -hostkey=""ssh-ed25519 256 8FULx6Qg1tYt+zq6tAPUuyVRr/ZEbvJZRgQ+39dSuog=""" "get /home/ccsm/rutac/*  ""S:\BKP ColombiaHosting\RutaC\Archivos\\"" " "#" "exit"
. 2018-05-30 02:57:46.403 Time zone: Current: GMT-5 (Hora est. Pacífico, Sudamérica), No DST
. 2018-05-30 02:57:46.403 Login time: miércoles, 30 de mayo de 2018 2:57:46
. 2018-05-30 02:57:46.403 --------------------------------------------------------------------------
. 2018-05-30 02:57:46.403 Script: Retrospectively logging previous script records:
> 2018-05-30 02:57:46.403 Script: open sftp://ccsm:***@190.8.177.126/ -hostkey="ssh-ed25519 256 8FULx6Qg1tYt+zq6tAPUuyVRr/ZEbvJZRgQ+39dSuog="
. 2018-05-30 02:57:46.403 --------------------------------------------------------------------------
. 2018-05-30 02:57:46.403 Session name: ccsm@190.8.177.126 (Ad-Hoc site)
. 2018-05-30 02:57:46.403 Host name: 190.8.177.126 (Port: 22)
. 2018-05-30 02:57:46.403 User name: ccsm (Password: Yes, Key file: No, Passphrase: No)
. 2018-05-30 02:57:46.403 Tunnel: No
. 2018-05-30 02:57:46.403 Transfer Protocol: SFTP
. 2018-05-30 02:57:46.403 Ping type: Off, Ping interval: 30 sec; Timeout: 15 sec
. 2018-05-30 02:57:46.403 Disable Nagle: No
. 2018-05-30 02:57:46.403 Proxy: None
. 2018-05-30 02:57:46.403 Send buffer: 262144
. 2018-05-30 02:57:46.403 SSH protocol version: 2; Compression: No
. 2018-05-30 02:57:46.403 Bypass authentication: No
. 2018-05-30 02:57:46.403 Try agent: Yes; Agent forwarding: No; TIS/CryptoCard: No; KI: Yes; GSSAPI: Yes
. 2018-05-30 02:57:46.403 GSSAPI: Forwarding: No; Libs: gssapi32,sspi,custom; Custom: 
. 2018-05-30 02:57:46.403 Ciphers: aes,chacha20,blowfish,3des,WARN,arcfour,des; Ssh2DES: No
. 2018-05-30 02:57:46.403 KEX: ecdh,dh-gex-sha1,dh-group14-sha1,rsa,WARN,dh-group1-sha1
. 2018-05-30 02:57:46.403 SSH Bugs: Auto,Auto,Auto,Auto,Auto,Auto,Auto,Auto,Auto,Auto,Auto,Auto,Auto
. 2018-05-30 02:57:46.403 Simple channel: Yes
. 2018-05-30 02:57:46.403 Return code variable: Autodetect; Lookup user groups: Auto
. 2018-05-30 02:57:46.403 Shell: default
. 2018-05-30 02:57:46.403 EOL: LF, UTF: Auto
. 2018-05-30 02:57:46.403 Clear aliases: Yes, Unset nat.vars: Yes, Resolve symlinks: Yes; Follow directory symlinks: No
. 2018-05-30 02:57:46.403 LS: ls -la, Ign LS warn: Yes, Scp1 Comp: No
. 2018-05-30 02:57:46.403 SFTP Bugs: Auto,Auto
. 2018-05-30 02:57:46.403 SFTP Server: default
. 2018-05-30 02:57:46.403 Local directory: default, Remote directory: home, Update: Yes, Cache: Yes
. 2018-05-30 02:57:46.403 Cache directory changes: Yes, Permanent: Yes
. 2018-05-30 02:57:46.403 Recycle bin: Delete to: No, Overwritten to: No, Bin path: 
. 2018-05-30 02:57:46.403 DST mode: Unix
. 2018-05-30 02:57:46.403 --------------------------------------------------------------------------
. 2018-05-30 02:57:46.403 Looking up host "190.8.177.126" for SSH connection
. 2018-05-30 02:57:46.403 Connecting to 190.8.177.126 port 22
. 2018-05-30 02:57:46.496 We claim version: SSH-2.0-WinSCP_release_5.13.1
. 2018-05-30 02:57:46.605 Server version: SSH-2.0-OpenSSH_7.4
. 2018-05-30 02:57:46.605 Using SSH protocol version 2
. 2018-05-30 02:57:46.605 Have a known host key of type ssh-ed25519
. 2018-05-30 02:57:46.699 Doing ECDH key exchange with curve Curve25519 and hash SHA-256
. 2018-05-30 02:57:47.463 Server also has ecdsa-sha2-nistp256/ssh-rsa host keys, but we don't know any of them
. 2018-05-30 02:57:47.463 Host key fingerprint is:
. 2018-05-30 02:57:47.463 ssh-ed25519 256 96:e5:67:d2:0c:9d:5e:13:6c:6d:d7:a8:96:cc:5f:f3 8FULx6Qg1tYt+zq6tAPUuyVRr/ZEbvJZRgQ+39dSuog=
. 2018-05-30 02:57:47.463 Host key matches configured key
. 2018-05-30 02:57:47.463 Initialised AES-256 SDCTR client->server encryption
. 2018-05-30 02:57:47.463 Initialised HMAC-SHA-256 client->server MAC algorithm
. 2018-05-30 02:57:47.463 Initialised AES-256 SDCTR server->client encryption
. 2018-05-30 02:57:47.463 Initialised HMAC-SHA-256 server->client MAC algorithm
! 2018-05-30 02:57:47.697 Using username "ccsm".
. 2018-05-30 02:57:47.791 Server offered these authentication methods: publickey,gssapi-keyex,gssapi-with-mic,password
. 2018-05-30 02:57:47.791 Using SSPI from SECUR32.DLL
. 2018-05-30 02:57:47.791 Attempting GSSAPI authentication
. 2018-05-30 02:57:47.885 GSSAPI authentication request refused
. 2018-05-30 02:57:47.885 Server offered these authentication methods: publickey,gssapi-keyex,gssapi-with-mic,password
. 2018-05-30 02:57:47.885 Prompt (password, "SSH password", <no instructions>, "&Contraseña:")
. 2018-05-30 02:57:47.885 Using stored password.
. 2018-05-30 02:57:47.885 Sent password
. 2018-05-30 02:57:48.025 Access granted
. 2018-05-30 02:57:48.025 Opening session as main channel
